  main.cpp
c:\users\tony innamorato\documents\github\anthony-innamorato-cs3113\final\nyucodebase\main.cpp(179): warning C4305: 'initializing': truncation from 'double' to 'float'
c:\users\tony innamorato\documents\github\anthony-innamorato-cs3113\final\nyucodebase\main.cpp(107): warning C4244: 'initializing': conversion from 'double' to 'float', possible loss of data
c:\users\tony innamorato\documents\github\anthony-innamorato-cs3113\final\nyucodebase\main.cpp(109): warning C4244: 'argument': conversion from 'double' to 'float', possible loss of data
c:\users\tony innamorato\documents\github\anthony-innamorato-cs3113\final\nyucodebase\main.cpp(123): warning C4244: 'argument': conversion from 'double' to 'float', possible loss of data
c:\users\tony innamorato\documents\github\anthony-innamorato-cs3113\final\nyucodebase\main.cpp(130): warning C4244: 'argument': conversion from 'double' to 'float', possible loss of data
c:\users\tony innamorato\documents\github\anthony-innamorato-cs3113\final\nyucodebase\main.cpp(214): warning C4018: '<': signed/unsigned mismatch
c:\users\tony innamorato\documents\github\anthony-innamorato-cs3113\final\nyucodebase\main.cpp(219): warning C4018: '<': signed/unsigned mismatch
c:\users\tony innamorato\documents\github\anthony-innamorato-cs3113\final\nyucodebase\main.cpp(254): warning C4244: 'initializing': conversion from 'int' to 'float', possible loss of data
c:\users\tony innamorato\documents\github\anthony-innamorato-cs3113\final\nyucodebase\main.cpp(255): warning C4244: '=': conversion from 'double' to 'float', possible loss of data
c:\users\tony innamorato\documents\github\anthony-innamorato-cs3113\final\nyucodebase\main.cpp(266): warning C4305: '=': truncation from 'double' to 'float'
c:\users\tony innamorato\documents\github\anthony-innamorato-cs3113\final\nyucodebase\main.cpp(274): warning C4244: '=': conversion from 'double' to 'float', possible loss of data
c:\users\tony innamorato\documents\github\anthony-innamorato-cs3113\final\nyucodebase\main.cpp(278): warning C4305: '=': truncation from 'double' to 'float'
c:\users\tony innamorato\documents\github\anthony-innamorato-cs3113\final\nyucodebase\main.cpp(285): warning C4244: '+=': conversion from 'double' to 'float', possible loss of data
c:\users\tony innamorato\documents\github\anthony-innamorato-cs3113\final\nyucodebase\main.cpp(286): warning C4244: '+=': conversion from 'double' to 'float', possible loss of data
c:\users\tony innamorato\documents\github\anthony-innamorato-cs3113\final\nyucodebase\main.cpp(287): warning C4244: '-=': conversion from 'double' to 'float', possible loss of data
c:\users\tony innamorato\documents\github\anthony-innamorato-cs3113\final\nyucodebase\main.cpp(301): warning C4244: 'argument': conversion from 'double' to 'float', possible loss of data
c:\users\tony innamorato\documents\github\anthony-innamorato-cs3113\final\nyucodebase\main.cpp(304): warning C4244: 'argument': conversion from 'double' to 'float', possible loss of data
c:\users\tony innamorato\documents\github\anthony-innamorato-cs3113\final\nyucodebase\main.cpp(305): warning C4244: 'argument': conversion from 'double' to 'float', possible loss of data
c:\users\tony innamorato\documents\github\anthony-innamorato-cs3113\final\nyucodebase\main.cpp(314): warning C4244: 'argument': conversion from 'double' to 'float', possible loss of data
c:\users\tony innamorato\documents\github\anthony-innamorato-cs3113\final\nyucodebase\main.cpp(469): warning C4305: 'argument': truncation from 'double' to 'float'
c:\users\tony innamorato\documents\github\anthony-innamorato-cs3113\final\nyucodebase\main.cpp(504): warning C4305: 'argument': truncation from 'double' to 'float'
c:\users\tony innamorato\documents\github\anthony-innamorato-cs3113\final\nyucodebase\main.cpp(514): warning C4244: '+=': conversion from 'double' to 'float', possible loss of data
c:\users\tony innamorato\documents\github\anthony-innamorato-cs3113\final\nyucodebase\main.cpp(514): warning C4305: '+=': truncation from 'double' to 'float'
c:\users\tony innamorato\documents\github\anthony-innamorato-cs3113\final\nyucodebase\main.cpp(515): warning C4244: '-=': conversion from 'double' to 'float', possible loss of data
c:\users\tony innamorato\documents\github\anthony-innamorato-cs3113\final\nyucodebase\main.cpp(516): warning C4244: '-=': conversion from 'double' to 'float', possible loss of data
c:\users\tony innamorato\documents\github\anthony-innamorato-cs3113\final\nyucodebase\main.cpp(516): warning C4244: '+=': conversion from 'double' to 'float', possible loss of data
c:\users\tony innamorato\documents\github\anthony-innamorato-cs3113\final\nyucodebase\main.cpp(525): warning C4244: '-=': conversion from 'double' to 'float', possible loss of data
c:\users\tony innamorato\documents\github\anthony-innamorato-cs3113\final\nyucodebase\main.cpp(526): warning C4244: '+=': conversion from 'double' to 'float', possible loss of data
c:\users\tony innamorato\documents\github\anthony-innamorato-cs3113\final\nyucodebase\main.cpp(527): warning C4244: '-=': conversion from 'double' to 'float', possible loss of data
c:\users\tony innamorato\documents\github\anthony-innamorato-cs3113\final\nyucodebase\main.cpp(528): warning C4244: '-=': conversion from 'double' to 'float', possible loss of data
c:\users\tony innamorato\documents\github\anthony-innamorato-cs3113\final\nyucodebase\main.cpp(528): warning C4244: '+=': conversion from 'double' to 'float', possible loss of data
c:\users\tony innamorato\documents\github\anthony-innamorato-cs3113\final\nyucodebase\main.cpp(536): warning C4244: '=': conversion from 'double' to 'float', possible loss of data
c:\users\tony innamorato\documents\github\anthony-innamorato-cs3113\final\nyucodebase\main.cpp(551): warning C4244: '-=': conversion from 'double' to 'float', possible loss of data
c:\users\tony innamorato\documents\github\anthony-innamorato-cs3113\final\nyucodebase\main.cpp(552): warning C4244: '-=': conversion from 'double' to 'float', possible loss of data
c:\users\tony innamorato\documents\github\anthony-innamorato-cs3113\final\nyucodebase\main.cpp(552): warning C4244: '+=': conversion from 'double' to 'float', possible loss of data
c:\users\tony innamorato\documents\github\anthony-innamorato-cs3113\final\nyucodebase\main.cpp(553): warning C4244: '-=': conversion from 'double' to 'float', possible loss of data
c:\users\tony innamorato\documents\github\anthony-innamorato-cs3113\final\nyucodebase\main.cpp(554): warning C4244: '+=': conversion from 'double' to 'float', possible loss of data
c:\users\tony innamorato\documents\github\anthony-innamorato-cs3113\final\nyucodebase\main.cpp(555): warning C4244: '+=': conversion from 'double' to 'float', possible loss of data
c:\users\tony innamorato\documents\github\anthony-innamorato-cs3113\final\nyucodebase\main.cpp(555): warning C4244: '-=': conversion from 'double' to 'float', possible loss of data
c:\users\tony innamorato\documents\github\anthony-innamorato-cs3113\final\nyucodebase\main.cpp(564): warning C4244: '+=': conversion from 'double' to 'float', possible loss of data
c:\users\tony innamorato\documents\github\anthony-innamorato-cs3113\final\nyucodebase\main.cpp(565): warning C4244: '-=': conversion from 'double' to 'float', possible loss of data
c:\users\tony innamorato\documents\github\anthony-innamorato-cs3113\final\nyucodebase\main.cpp(566): warning C4244: '+=': conversion from 'double' to 'float', possible loss of data
c:\users\tony innamorato\documents\github\anthony-innamorato-cs3113\final\nyucodebase\main.cpp(567): warning C4244: '-=': conversion from 'double' to 'float', possible loss of data
c:\users\tony innamorato\documents\github\anthony-innamorato-cs3113\final\nyucodebase\main.cpp(568): warning C4244: '+=': conversion from 'double' to 'float', possible loss of data
c:\users\tony innamorato\documents\github\anthony-innamorato-cs3113\final\nyucodebase\main.cpp(569): warning C4244: '+=': conversion from 'double' to 'float', possible loss of data
c:\users\tony innamorato\documents\github\anthony-innamorato-cs3113\final\nyucodebase\main.cpp(570): warning C4244: '+=': conversion from 'double' to 'float', possible loss of data
c:\users\tony innamorato\documents\github\anthony-innamorato-cs3113\final\nyucodebase\main.cpp(570): warning C4244: '-=': conversion from 'double' to 'float', possible loss of data
c:\users\tony innamorato\documents\github\anthony-innamorato-cs3113\final\nyucodebase\main.cpp(577): warning C4244: '=': conversion from 'double' to 'float', possible loss of data
c:\users\tony innamorato\documents\github\anthony-innamorato-cs3113\final\nyucodebase\main.cpp(612): warning C4244: '-=': conversion from 'double' to 'float', possible loss of data
c:\users\tony innamorato\documents\github\anthony-innamorato-cs3113\final\nyucodebase\main.cpp(612): warning C4244: '+=': conversion from 'double' to 'float', possible loss of data
c:\users\tony innamorato\documents\github\anthony-innamorato-cs3113\final\nyucodebase\main.cpp(613): warning C4244: '-=': conversion from 'double' to 'float', possible loss of data
c:\users\tony innamorato\documents\github\anthony-innamorato-cs3113\final\nyucodebase\main.cpp(614): warning C4244: '-=': conversion from 'double' to 'float', possible loss of data
c:\users\tony innamorato\documents\github\anthony-innamorato-cs3113\final\nyucodebase\main.cpp(615): warning C4244: '-=': conversion from 'double' to 'float', possible loss of data
c:\users\tony innamorato\documents\github\anthony-innamorato-cs3113\final\nyucodebase\main.cpp(616): warning C4244: '+=': conversion from 'double' to 'float', possible loss of data
c:\users\tony innamorato\documents\github\anthony-innamorato-cs3113\final\nyucodebase\main.cpp(616): warning C4244: '-=': conversion from 'double' to 'float', possible loss of data
c:\users\tony innamorato\documents\github\anthony-innamorato-cs3113\final\nyucodebase\main.cpp(617): warning C4244: '+=': conversion from 'double' to 'float', possible loss of data
c:\users\tony innamorato\documents\github\anthony-innamorato-cs3113\final\nyucodebase\main.cpp(617): warning C4244: '-=': conversion from 'double' to 'float', possible loss of data
c:\users\tony innamorato\documents\github\anthony-innamorato-cs3113\final\nyucodebase\main.cpp(618): warning C4244: '+=': conversion from 'double' to 'float', possible loss of data
c:\users\tony innamorato\documents\github\anthony-innamorato-cs3113\final\nyucodebase\main.cpp(619): warning C4244: '+=': conversion from 'double' to 'float', possible loss of data
c:\users\tony innamorato\documents\github\anthony-innamorato-cs3113\final\nyucodebase\main.cpp(620): warning C4244: '+=': conversion from 'double' to 'float', possible loss of data
c:\users\tony innamorato\documents\github\anthony-innamorato-cs3113\final\nyucodebase\main.cpp(621): warning C4244: '-=': conversion from 'double' to 'float', possible loss of data
c:\users\tony innamorato\documents\github\anthony-innamorato-cs3113\final\nyucodebase\main.cpp(621): warning C4244: '+=': conversion from 'double' to 'float', possible loss of data
c:\users\tony innamorato\documents\github\anthony-innamorato-cs3113\final\nyucodebase\main.cpp(630): warning C4244: '-=': conversion from 'double' to 'float', possible loss of data
c:\users\tony innamorato\documents\github\anthony-innamorato-cs3113\final\nyucodebase\main.cpp(631): warning C4244: '-=': conversion from 'double' to 'float', possible loss of data
c:\users\tony innamorato\documents\github\anthony-innamorato-cs3113\final\nyucodebase\main.cpp(632): warning C4244: '-=': conversion from 'double' to 'float', possible loss of data
c:\users\tony innamorato\documents\github\anthony-innamorato-cs3113\final\nyucodebase\main.cpp(633): warning C4244: '-=': conversion from 'double' to 'float', possible loss of data
c:\users\tony innamorato\documents\github\anthony-innamorato-cs3113\final\nyucodebase\main.cpp(634): warning C4244: '+=': conversion from 'double' to 'float', possible loss of data
c:\users\tony innamorato\documents\github\anthony-innamorato-cs3113\final\nyucodebase\main.cpp(634): warning C4244: '-=': conversion from 'double' to 'float', possible loss of data
c:\users\tony innamorato\documents\github\anthony-innamorato-cs3113\final\nyucodebase\main.cpp(635): warning C4244: '+=': conversion from 'double' to 'float', possible loss of data
c:\users\tony innamorato\documents\github\anthony-innamorato-cs3113\final\nyucodebase\main.cpp(635): warning C4244: '-=': conversion from 'double' to 'float', possible loss of data
c:\users\tony innamorato\documents\github\anthony-innamorato-cs3113\final\nyucodebase\main.cpp(636): warning C4244: '+=': conversion from 'double' to 'float', possible loss of data
c:\users\tony innamorato\documents\github\anthony-innamorato-cs3113\final\nyucodebase\main.cpp(637): warning C4244: '+=': conversion from 'double' to 'float', possible loss of data
c:\users\tony innamorato\documents\github\anthony-innamorato-cs3113\final\nyucodebase\main.cpp(638): warning C4244: '+=': conversion from 'double' to 'float', possible loss of data
c:\users\tony innamorato\documents\github\anthony-innamorato-cs3113\final\nyucodebase\main.cpp(639): warning C4244: '-=': conversion from 'double' to 'float', possible loss of data
c:\users\tony innamorato\documents\github\anthony-innamorato-cs3113\final\nyucodebase\main.cpp(639): warning C4244: '+=': conversion from 'double' to 'float', possible loss of data
c:\users\tony innamorato\documents\github\anthony-innamorato-cs3113\final\nyucodebase\main.cpp(646): warning C4244: '=': conversion from 'double' to 'float', possible loss of data
c:\users\tony innamorato\documents\github\anthony-innamorato-cs3113\final\nyucodebase\main.cpp(663): warning C4244: '+=': conversion from 'double' to 'float', possible loss of data
c:\users\tony innamorato\documents\github\anthony-innamorato-cs3113\final\nyucodebase\main.cpp(683): warning C4305: 'argument': truncation from 'double' to 'float'
c:\users\tony innamorato\documents\github\anthony-innamorato-cs3113\final\nyucodebase\main.cpp(686): warning C4305: 'argument': truncation from 'double' to 'float'
c:\users\tony innamorato\documents\github\anthony-innamorato-cs3113\final\nyucodebase\main.cpp(715): warning C4244: '+=': conversion from 'double' to 'float', possible loss of data
c:\users\tony innamorato\documents\github\anthony-innamorato-cs3113\final\nyucodebase\main.cpp(719): warning C4244: '-=': conversion from 'double' to 'float', possible loss of data
c:\users\tony innamorato\documents\github\anthony-innamorato-cs3113\final\nyucodebase\main.cpp(723): warning C4244: '-=': conversion from 'double' to 'float', possible loss of data
c:\users\tony innamorato\documents\github\anthony-innamorato-cs3113\final\nyucodebase\main.cpp(727): warning C4244: '+=': conversion from 'double' to 'float', possible loss of data
c:\users\tony innamorato\documents\github\anthony-innamorato-cs3113\final\nyucodebase\main.cpp(788): warning C4244: '-=': conversion from 'double' to 'int', possible loss of data
c:\users\tony innamorato\documents\github\anthony-innamorato-cs3113\final\nyucodebase\main.cpp(851): warning C4244: '-=': conversion from 'double' to 'int', possible loss of data
c:\users\tony innamorato\documents\github\anthony-innamorato-cs3113\final\nyucodebase\main.cpp(913): warning C4244: '-=': conversion from 'double' to 'int', possible loss of data
c:\users\tony innamorato\documents\github\anthony-innamorato-cs3113\final\nyucodebase\main.cpp(1009): warning C4244: '=': conversion from 'double' to 'int', possible loss of data
c:\users\tony innamorato\documents\github\anthony-innamorato-cs3113\final\nyucodebase\main.cpp(1026): warning C4244: '=': conversion from 'double' to 'int', possible loss of data
c:\users\tony innamorato\documents\github\anthony-innamorato-cs3113\final\nyucodebase\main.cpp(1043): warning C4244: '=': conversion from 'double' to 'int', possible loss of data
  NYUCodebase.vcxproj -> C:\Users\Tony Innamorato\Documents\GitHub\Anthony-Innamorato-CS3113\Final\Debug\NYUCodebase.exe
