  main.cpp
c:\users\tony innamorato\documents\github\anthony-innamorato-cs3113\homework 5\nyucodebase\main.cpp(76): warning C4244: 'initializing': conversion from 'double' to 'float', possible loss of data
c:\users\tony innamorato\documents\github\anthony-innamorato-cs3113\homework 5\nyucodebase\main.cpp(81): warning C4244: 'argument': conversion from 'double' to 'float', possible loss of data
c:\users\tony innamorato\documents\github\anthony-innamorato-cs3113\homework 5\nyucodebase\main.cpp(82): warning C4244: 'argument': conversion from 'double' to 'float', possible loss of data
c:\users\tony innamorato\documents\github\anthony-innamorato-cs3113\homework 5\nyucodebase\main.cpp(95): warning C4244: 'argument': conversion from 'double' to 'float', possible loss of data
c:\users\tony innamorato\documents\github\anthony-innamorato-cs3113\homework 5\nyucodebase\main.cpp(102): warning C4244: 'argument': conversion from 'double' to 'float', possible loss of data
c:\users\tony innamorato\documents\github\anthony-innamorato-cs3113\homework 5\nyucodebase\main.cpp(188): warning C4018: '<': signed/unsigned mismatch
c:\users\tony innamorato\documents\github\anthony-innamorato-cs3113\homework 5\nyucodebase\main.cpp(193): warning C4018: '<': signed/unsigned mismatch
c:\users\tony innamorato\documents\github\anthony-innamorato-cs3113\homework 5\nyucodebase\main.cpp(208): warning C4305: '*=': truncation from 'double' to 'float'
c:\users\tony innamorato\documents\github\anthony-innamorato-cs3113\homework 5\nyucodebase\main.cpp(209): warning C4305: '*=': truncation from 'double' to 'float'
c:\users\tony innamorato\documents\github\anthony-innamorato-cs3113\homework 5\nyucodebase\main.cpp(210): warning C4305: '*=': truncation from 'double' to 'float'
c:\users\tony innamorato\documents\github\anthony-innamorato-cs3113\homework 5\nyucodebase\main.cpp(211): warning C4305: '*=': truncation from 'double' to 'float'
c:\users\tony innamorato\documents\github\anthony-innamorato-cs3113\homework 5\nyucodebase\main.cpp(236): warning C4305: 'argument': truncation from 'double' to 'float'
c:\users\tony innamorato\documents\github\anthony-innamorato-cs3113\homework 5\nyucodebase\main.cpp(265): warning C4244: '+=': conversion from 'double' to 'float', possible loss of data
c:\users\tony innamorato\documents\github\anthony-innamorato-cs3113\homework 5\nyucodebase\main.cpp(269): warning C4244: '-=': conversion from 'double' to 'float', possible loss of data
c:\users\tony innamorato\documents\github\anthony-innamorato-cs3113\homework 5\nyucodebase\main.cpp(273): warning C4244: '-=': conversion from 'double' to 'float', possible loss of data
c:\users\tony innamorato\documents\github\anthony-innamorato-cs3113\homework 5\nyucodebase\main.cpp(277): warning C4244: '+=': conversion from 'double' to 'float', possible loss of data
c:\users\tony innamorato\documents\github\anthony-innamorato-cs3113\homework 5\nyucodebase\main.cpp(281): warning C4244: '+=': conversion from 'double' to 'float', possible loss of data
c:\users\tony innamorato\documents\github\anthony-innamorato-cs3113\homework 5\nyucodebase\main.cpp(285): warning C4244: '-=': conversion from 'double' to 'float', possible loss of data
  NYUCodebase.vcxproj -> C:\Users\Tony Innamorato\Documents\GitHub\Anthony-Innamorato-CS3113\Homework 5\Debug\NYUCodebase.exe
