  main.cpp
c:\users\tony innamorato\documents\github\anthony-innamorato-cs3113\homework 2\nyucodebase\main.cpp(44): warning C4305: 'argument': truncation from 'double' to 'float'
c:\users\tony innamorato\documents\github\anthony-innamorato-cs3113\homework 2\nyucodebase\main.cpp(51): warning C4305: 'initializing': truncation from 'double' to 'float'
c:\users\tony innamorato\documents\github\anthony-innamorato-cs3113\homework 2\nyucodebase\main.cpp(52): warning C4305: 'initializing': truncation from 'double' to 'float'
c:\users\tony innamorato\documents\github\anthony-innamorato-cs3113\homework 2\nyucodebase\main.cpp(62): warning C4244: '+=': conversion from 'double' to 'float', possible loss of data
c:\users\tony innamorato\documents\github\anthony-innamorato-cs3113\homework 2\nyucodebase\main.cpp(63): warning C4244: '+=': conversion from 'double' to 'float', possible loss of data
c:\users\tony innamorato\documents\github\anthony-innamorato-cs3113\homework 2\nyucodebase\main.cpp(175): warning C4244: 'argument': conversion from 'double' to 'float', possible loss of data
c:\users\tony innamorato\documents\github\anthony-innamorato-cs3113\homework 2\nyucodebase\main.cpp(175): warning C4305: 'argument': truncation from 'double' to 'float'
c:\users\tony innamorato\documents\github\anthony-innamorato-cs3113\homework 2\nyucodebase\main.cpp(176): warning C4305: 'argument': truncation from 'double' to 'float'
c:\users\tony innamorato\documents\github\anthony-innamorato-cs3113\homework 2\nyucodebase\main.cpp(190): warning C4244: 'argument': conversion from 'double' to 'float', possible loss of data
c:\users\tony innamorato\documents\github\anthony-innamorato-cs3113\homework 2\nyucodebase\main.cpp(190): warning C4305: 'argument': truncation from 'double' to 'float'
c:\users\tony innamorato\documents\github\anthony-innamorato-cs3113\homework 2\nyucodebase\main.cpp(191): warning C4305: 'argument': truncation from 'double' to 'float'
c:\users\tony innamorato\documents\github\anthony-innamorato-cs3113\homework 2\nyucodebase\main.cpp(192): warning C4305: 'argument': truncation from 'double' to 'float'
c:\users\tony innamorato\documents\github\anthony-innamorato-cs3113\homework 2\nyucodebase\main.cpp(206): warning C4244: 'argument': conversion from 'double' to 'float', possible loss of data
c:\users\tony innamorato\documents\github\anthony-innamorato-cs3113\homework 2\nyucodebase\main.cpp(206): warning C4305: 'argument': truncation from 'double' to 'float'
c:\users\tony innamorato\documents\github\anthony-innamorato-cs3113\homework 2\nyucodebase\main.cpp(207): warning C4305: 'argument': truncation from 'double' to 'float'
c:\users\tony innamorato\documents\github\anthony-innamorato-cs3113\homework 2\nyucodebase\main.cpp(220): warning C4244: 'argument': conversion from 'double' to 'float', possible loss of data
c:\users\tony innamorato\documents\github\anthony-innamorato-cs3113\homework 2\nyucodebase\main.cpp(220): warning C4305: 'argument': truncation from 'double' to 'float'
c:\users\tony innamorato\documents\github\anthony-innamorato-cs3113\homework 2\nyucodebase\main.cpp(221): warning C4305: 'argument': truncation from 'double' to 'float'
c:\users\tony innamorato\documents\github\anthony-innamorato-cs3113\homework 2\nyucodebase\main.cpp(222): warning C4305: 'argument': truncation from 'double' to 'float'
c:\users\tony innamorato\documents\github\anthony-innamorato-cs3113\homework 2\nyucodebase\main.cpp(236): warning C4305: 'argument': truncation from 'double' to 'float'
c:\users\tony innamorato\documents\github\anthony-innamorato-cs3113\homework 2\nyucodebase\main.cpp(237): warning C4305: 'argument': truncation from 'double' to 'float'
c:\users\tony innamorato\documents\github\anthony-innamorato-cs3113\homework 2\nyucodebase\main.cpp(242): warning C4838: conversion from 'double' to 'float' requires a narrowing conversion
c:\users\tony innamorato\documents\github\anthony-innamorato-cs3113\homework 2\nyucodebase\main.cpp(242): warning C4305: 'initializing': truncation from 'double' to 'float'
c:\users\tony innamorato\documents\github\anthony-innamorato-cs3113\homework 2\nyucodebase\main.cpp(250): warning C4305: 'argument': truncation from 'double' to 'float'
c:\users\tony innamorato\documents\github\anthony-innamorato-cs3113\homework 2\nyucodebase\main.cpp(251): warning C4305: 'argument': truncation from 'double' to 'float'
c:\users\tony innamorato\documents\github\anthony-innamorato-cs3113\homework 2\nyucodebase\main.cpp(266): warning C4305: 'argument': truncation from 'double' to 'float'
c:\users\tony innamorato\documents\github\anthony-innamorato-cs3113\homework 2\nyucodebase\main.cpp(267): warning C4305: 'argument': truncation from 'double' to 'float'
c:\users\tony innamorato\documents\github\anthony-innamorato-cs3113\homework 2\nyucodebase\main.cpp(280): warning C4305: 'argument': truncation from 'double' to 'float'
c:\users\tony innamorato\documents\github\anthony-innamorato-cs3113\homework 2\nyucodebase\main.cpp(281): warning C4305: 'argument': truncation from 'double' to 'float'
c:\users\tony innamorato\documents\github\anthony-innamorato-cs3113\homework 2\nyucodebase\main.cpp(301): warning C4838: conversion from 'double' to 'float' requires a narrowing conversion
c:\users\tony innamorato\documents\github\anthony-innamorato-cs3113\homework 2\nyucodebase\main.cpp(301): warning C4305: 'initializing': truncation from 'double' to 'float'
c:\users\tony innamorato\documents\github\anthony-innamorato-cs3113\homework 2\nyucodebase\main.cpp(310): warning C4244: 'argument': conversion from 'double' to 'float', possible loss of data
c:\users\tony innamorato\documents\github\anthony-innamorato-cs3113\homework 2\nyucodebase\main.cpp(311): warning C4305: 'argument': truncation from 'double' to 'float'
  NYUCodebase.vcxproj -> C:\Users\Tony Innamorato\Documents\GitHub\Anthony-Innamorato-CS3113\Homework 2\Debug\NYUCodebase.exe
