c:\users\tony innamorato\documents\github\anthony-innamorato-cs3113\homework 1\nyucodebase\debug\vc141.pdb
c:\users\tony innamorato\documents\github\anthony-innamorato-cs3113\homework 1\nyucodebase\debug\vc141.idb
c:\users\tony innamorato\documents\github\anthony-innamorato-cs3113\homework 1\nyucodebase\debug\main.obj
c:\users\tony innamorato\documents\github\anthony-innamorato-cs3113\homework 1\nyucodebase\debug\matrix.obj
c:\users\tony innamorato\documents\github\anthony-innamorato-cs3113\homework 1\nyucodebase\debug\shaderprogram.obj
c:\users\tony innamorato\documents\github\anthony-innamorato-cs3113\homework 2\nyucodebase\debug\vc141.pdb
c:\users\tony innamorato\documents\github\anthony-innamorato-cs3113\homework 2\nyucodebase\debug\vc141.idb
c:\users\tony innamorato\documents\github\anthony-innamorato-cs3113\homework 2\nyucodebase\debug\main.obj
c:\users\tony innamorato\documents\github\anthony-innamorato-cs3113\homework 2\nyucodebase\debug\matrix.obj
c:\users\tony innamorato\documents\github\anthony-innamorato-cs3113\homework 2\nyucodebase\debug\shaderprogram.obj
c:\users\tony innamorato\documents\github\anthony-innamorato-cs3113\homework 3\nyucodebase\debug\vc141.pdb
c:\users\tony innamorato\documents\github\anthony-innamorato-cs3113\homework 3\nyucodebase\debug\vc141.idb
c:\users\tony innamorato\documents\github\anthony-innamorato-cs3113\homework 3\nyucodebase\debug\main.obj
c:\users\tony innamorato\documents\github\anthony-innamorato-cs3113\homework 3\nyucodebase\debug\matrix.obj
c:\users\tony innamorato\documents\github\anthony-innamorato-cs3113\homework 3\nyucodebase\debug\shaderprogram.obj
c:\users\tony innamorato\documents\github\anthony-innamorato-cs3113\homework 4\nyucodebase\debug\vc141.pdb
c:\users\tony innamorato\documents\github\anthony-innamorato-cs3113\homework 4\nyucodebase\debug\vc141.idb
c:\users\tony innamorato\documents\github\anthony-innamorato-cs3113\homework 4\nyucodebase\debug\shaderprogram.obj
c:\users\tony innamorato\documents\github\anthony-innamorato-cs3113\homework 4\nyucodebase\debug\matrix.obj
c:\users\tony innamorato\documents\github\anthony-innamorato-cs3113\homework 4\nyucodebase\debug\main.obj
c:\users\tony innamorato\documents\github\anthony-innamorato-cs3113\hoemwork 4\nyucodebase\debug\vc141.pdb
c:\users\tony innamorato\documents\github\anthony-innamorato-cs3113\hoemwork 4\nyucodebase\debug\vc141.idb
c:\users\tony innamorato\documents\github\anthony-innamorato-cs3113\hoemwork 4\nyucodebase\debug\shaderprogram.obj
c:\users\tony innamorato\documents\github\anthony-innamorato-cs3113\hoemwork 4\nyucodebase\debug\matrix.obj
c:\users\tony innamorato\documents\github\anthony-innamorato-cs3113\hoemwork 4\nyucodebase\debug\main.obj
c:\users\tony innamorato\documents\github\anthony-innamorato-cs3113\homework 1\debug\nyucodebase.exe
c:\users\tony innamorato\documents\github\anthony-innamorato-cs3113\homework 1\debug\nyucodebase.ilk
c:\users\tony innamorato\documents\github\anthony-innamorato-cs3113\homework 1\debug\nyucodebase.pdb
c:\users\tony innamorato\documents\github\anthony-innamorato-cs3113\homework 2\debug\nyucodebase.exe
c:\users\tony innamorato\documents\github\anthony-innamorato-cs3113\homework 2\debug\nyucodebase.ilk
c:\users\tony innamorato\documents\github\anthony-innamorato-cs3113\homework 2\debug\nyucodebase.pdb
c:\users\tony innamorato\documents\github\anthony-innamorato-cs3113\homework 3\debug\nyucodebase.exe
c:\users\tony innamorato\documents\github\anthony-innamorato-cs3113\homework 3\debug\nyucodebase.ilk
c:\users\tony innamorato\documents\github\anthony-innamorato-cs3113\homework 3\debug\nyucodebase.pdb
c:\users\tony innamorato\documents\github\anthony-innamorato-cs3113\homework 4\debug\nyucodebase.exe
c:\users\tony innamorato\documents\github\anthony-innamorato-cs3113\homework 4\debug\nyucodebase.ilk
c:\users\tony innamorato\documents\github\anthony-innamorato-cs3113\homework 4\debug\nyucodebase.pdb
c:\users\tony innamorato\documents\github\anthony-innamorato-cs3113\hoemwork 4\debug\nyucodebase.pdb
c:\users\tony innamorato\documents\github\anthony-innamorato-cs3113\hoemwork 4\nyucodebase\debug\nyucodebase.tlog\cl.command.1.tlog
c:\users\tony innamorato\documents\github\anthony-innamorato-cs3113\hoemwork 4\nyucodebase\debug\nyucodebase.tlog\cl.read.1.tlog
c:\users\tony innamorato\documents\github\anthony-innamorato-cs3113\hoemwork 4\nyucodebase\debug\nyucodebase.tlog\cl.write.1.tlog
c:\users\tony innamorato\documents\github\anthony-innamorato-cs3113\hoemwork 4\nyucodebase\debug\nyucodebase.tlog\link-cvtres.read.1.tlog
c:\users\tony innamorato\documents\github\anthony-innamorato-cs3113\hoemwork 4\nyucodebase\debug\nyucodebase.tlog\link-cvtres.write.1.tlog
c:\users\tony innamorato\documents\github\anthony-innamorato-cs3113\hoemwork 4\nyucodebase\debug\nyucodebase.tlog\link-rc.read.1.tlog
c:\users\tony innamorato\documents\github\anthony-innamorato-cs3113\hoemwork 4\nyucodebase\debug\nyucodebase.tlog\link-rc.write.1.tlog
c:\users\tony innamorato\documents\github\anthony-innamorato-cs3113\hoemwork 4\nyucodebase\debug\nyucodebase.tlog\link.13264-cvtres.read.1.tlog
c:\users\tony innamorato\documents\github\anthony-innamorato-cs3113\hoemwork 4\nyucodebase\debug\nyucodebase.tlog\link.13264-cvtres.write.1.tlog
c:\users\tony innamorato\documents\github\anthony-innamorato-cs3113\hoemwork 4\nyucodebase\debug\nyucodebase.tlog\link.13264-rc.read.1.tlog
c:\users\tony innamorato\documents\github\anthony-innamorato-cs3113\hoemwork 4\nyucodebase\debug\nyucodebase.tlog\link.13264-rc.write.1.tlog
c:\users\tony innamorato\documents\github\anthony-innamorato-cs3113\hoemwork 4\nyucodebase\debug\nyucodebase.tlog\link.13264.read.1.tlog
c:\users\tony innamorato\documents\github\anthony-innamorato-cs3113\hoemwork 4\nyucodebase\debug\nyucodebase.tlog\link.13264.write.1.tlog
c:\users\tony innamorato\documents\github\anthony-innamorato-cs3113\hoemwork 4\nyucodebase\debug\nyucodebase.tlog\link.command.1.tlog
c:\users\tony innamorato\documents\github\anthony-innamorato-cs3113\hoemwork 4\nyucodebase\debug\nyucodebase.tlog\link.read.1.tlog
c:\users\tony innamorato\documents\github\anthony-innamorato-cs3113\hoemwork 4\nyucodebase\debug\nyucodebase.tlog\link.write.1.tlog
