  main.cpp
c:\users\tony innamorato\documents\github\anthony-innamorato-cs3113\homework 3\nyucodebase\main.cpp(79): warning C4305: 'argument': truncation from 'double' to 'float'
c:\users\tony innamorato\documents\github\anthony-innamorato-cs3113\homework 3\nyucodebase\main.cpp(156): warning C4305: '=': truncation from 'double' to 'float'
c:\users\tony innamorato\documents\github\anthony-innamorato-cs3113\homework 3\nyucodebase\main.cpp(157): warning C4305: '=': truncation from 'double' to 'float'
c:\users\tony innamorato\documents\github\anthony-innamorato-cs3113\homework 3\nyucodebase\main.cpp(184): warning C4305: '=': truncation from 'double' to 'float'
c:\users\tony innamorato\documents\github\anthony-innamorato-cs3113\homework 3\nyucodebase\main.cpp(231): warning C4305: '=': truncation from 'double' to 'float'
c:\users\tony innamorato\documents\github\anthony-innamorato-cs3113\homework 3\nyucodebase\main.cpp(241): warning C4305: '=': truncation from 'double' to 'float'
c:\users\tony innamorato\documents\github\anthony-innamorato-cs3113\homework 3\nyucodebase\main.cpp(340): warning C4305: 'initializing': truncation from 'double' to 'float'
c:\users\tony innamorato\documents\github\anthony-innamorato-cs3113\homework 3\nyucodebase\main.cpp(523): warning C4305: 'argument': truncation from 'double' to 'float'
c:\users\tony innamorato\documents\github\anthony-innamorato-cs3113\homework 3\nyucodebase\main.cpp(549): warning C4305: 'argument': truncation from 'double' to 'float'
c:\users\tony innamorato\documents\github\anthony-innamorato-cs3113\homework 3\nyucodebase\main.cpp(587): warning C4305: 'initializing': truncation from 'double' to 'float'
c:\users\tony innamorato\documents\github\anthony-innamorato-cs3113\homework 3\nyucodebase\main.cpp(588): warning C4305: '=': truncation from 'double' to 'float'
c:\users\tony innamorato\documents\github\anthony-innamorato-cs3113\homework 3\nyucodebase\main.cpp(629): warning C4838: conversion from 'double' to 'float' requires a narrowing conversion
c:\users\tony innamorato\documents\github\anthony-innamorato-cs3113\homework 3\nyucodebase\main.cpp(629): warning C4305: 'initializing': truncation from 'double' to 'float'
c:\users\tony innamorato\documents\github\anthony-innamorato-cs3113\homework 3\nyucodebase\main.cpp(699): warning C4305: 'initializing': truncation from 'double' to 'float'
c:\users\tony innamorato\documents\github\anthony-innamorato-cs3113\homework 3\nyucodebase\main.cpp(729): warning C4305: 'argument': truncation from 'double' to 'float'
c:\users\tony innamorato\documents\github\anthony-innamorato-cs3113\homework 3\nyucodebase\main.cpp(739): warning C4305: 'argument': truncation from 'double' to 'float'
c:\users\tony innamorato\documents\github\anthony-innamorato-cs3113\homework 3\nyucodebase\main.cpp(744): warning C4305: 'argument': truncation from 'double' to 'float'
c:\users\tony innamorato\documents\github\anthony-innamorato-cs3113\homework 3\nyucodebase\main.cpp(749): warning C4305: 'argument': truncation from 'double' to 'float'
c:\users\tony innamorato\documents\github\anthony-innamorato-cs3113\homework 3\nyucodebase\main.cpp(754): warning C4305: 'argument': truncation from 'double' to 'float'
c:\users\tony innamorato\documents\github\anthony-innamorato-cs3113\homework 3\nyucodebase\main.cpp(759): warning C4305: 'argument': truncation from 'double' to 'float'
c:\users\tony innamorato\documents\github\anthony-innamorato-cs3113\homework 3\nyucodebase\main.cpp(764): warning C4305: 'argument': truncation from 'double' to 'float'
c:\users\tony innamorato\documents\github\anthony-innamorato-cs3113\homework 3\nyucodebase\main.cpp(769): warning C4305: 'argument': truncation from 'double' to 'float'
  NYUCodebase.vcxproj -> C:\Users\Tony Innamorato\Documents\GitHub\Anthony-Innamorato-CS3113\Homework 3\Debug\NYUCodebase.exe
