  main.cpp
c:\users\tony innamorato\documents\github\anthony-innamorato-cs3113\homework 6\nyucodebase\main.cpp(84): warning C4305: 'argument': truncation from 'double' to 'float'
c:\users\tony innamorato\documents\github\anthony-innamorato-cs3113\homework 6\nyucodebase\main.cpp(162): warning C4305: '=': truncation from 'double' to 'float'
c:\users\tony innamorato\documents\github\anthony-innamorato-cs3113\homework 6\nyucodebase\main.cpp(163): warning C4305: '=': truncation from 'double' to 'float'
c:\users\tony innamorato\documents\github\anthony-innamorato-cs3113\homework 6\nyucodebase\main.cpp(191): warning C4305: '=': truncation from 'double' to 'float'
c:\users\tony innamorato\documents\github\anthony-innamorato-cs3113\homework 6\nyucodebase\main.cpp(238): warning C4305: '=': truncation from 'double' to 'float'
c:\users\tony innamorato\documents\github\anthony-innamorato-cs3113\homework 6\nyucodebase\main.cpp(248): warning C4305: '=': truncation from 'double' to 'float'
c:\users\tony innamorato\documents\github\anthony-innamorato-cs3113\homework 6\nyucodebase\main.cpp(344): warning C4305: 'initializing': truncation from 'double' to 'float'
c:\users\tony innamorato\documents\github\anthony-innamorato-cs3113\homework 6\nyucodebase\main.cpp(527): warning C4305: 'argument': truncation from 'double' to 'float'
c:\users\tony innamorato\documents\github\anthony-innamorato-cs3113\homework 6\nyucodebase\main.cpp(556): warning C4305: 'argument': truncation from 'double' to 'float'
c:\users\tony innamorato\documents\github\anthony-innamorato-cs3113\homework 6\nyucodebase\main.cpp(595): warning C4305: 'initializing': truncation from 'double' to 'float'
c:\users\tony innamorato\documents\github\anthony-innamorato-cs3113\homework 6\nyucodebase\main.cpp(596): warning C4305: '=': truncation from 'double' to 'float'
c:\users\tony innamorato\documents\github\anthony-innamorato-cs3113\homework 6\nyucodebase\main.cpp(637): warning C4838: conversion from 'double' to 'float' requires a narrowing conversion
c:\users\tony innamorato\documents\github\anthony-innamorato-cs3113\homework 6\nyucodebase\main.cpp(637): warning C4305: 'initializing': truncation from 'double' to 'float'
c:\users\tony innamorato\documents\github\anthony-innamorato-cs3113\homework 6\nyucodebase\main.cpp(706): warning C4305: 'initializing': truncation from 'double' to 'float'
c:\users\tony innamorato\documents\github\anthony-innamorato-cs3113\homework 6\nyucodebase\main.cpp(736): warning C4305: 'argument': truncation from 'double' to 'float'
c:\users\tony innamorato\documents\github\anthony-innamorato-cs3113\homework 6\nyucodebase\main.cpp(746): warning C4305: 'argument': truncation from 'double' to 'float'
c:\users\tony innamorato\documents\github\anthony-innamorato-cs3113\homework 6\nyucodebase\main.cpp(751): warning C4305: 'argument': truncation from 'double' to 'float'
c:\users\tony innamorato\documents\github\anthony-innamorato-cs3113\homework 6\nyucodebase\main.cpp(756): warning C4305: 'argument': truncation from 'double' to 'float'
c:\users\tony innamorato\documents\github\anthony-innamorato-cs3113\homework 6\nyucodebase\main.cpp(761): warning C4305: 'argument': truncation from 'double' to 'float'
c:\users\tony innamorato\documents\github\anthony-innamorato-cs3113\homework 6\nyucodebase\main.cpp(766): warning C4305: 'argument': truncation from 'double' to 'float'
c:\users\tony innamorato\documents\github\anthony-innamorato-cs3113\homework 6\nyucodebase\main.cpp(771): warning C4305: 'argument': truncation from 'double' to 'float'
c:\users\tony innamorato\documents\github\anthony-innamorato-cs3113\homework 6\nyucodebase\main.cpp(776): warning C4305: 'argument': truncation from 'double' to 'float'
  NYUCodebase.vcxproj -> C:\Users\Tony Innamorato\Documents\GitHub\Anthony-Innamorato-CS3113\Homework 6\Debug\NYUCodebase.exe
